This is LuaHBTeX, Version 1.22.0 (TeX Live 2025)  (format=lualatex 2025.5.2)  22 AUG 2025 16:27
 restricted system commands enabled.
**Projektkontext.tex
(./Projektkontext.tex
LaTeX2e <2024-11-01> patch level 2
L3 programming layer <2025-04-14>
Lua module: luaotfload 2024-12-03 v3.29 Lua based OpenType font support
Lua module: lualibs 2023-07-13 v2.76 ConTeXt Lua standard libraries.
Lua module: lualibs-extended 2023-07-13 v2.76 ConTeXt Lua libraries -- extended 
collection.
luaotfload | conf : Root cache directory is "C:/texlive/2025/texmf-var/luatex-ca
che/generic/names".
luaotfload | init : Loading fontloader "fontloader-2023-12-28.lua" from kpse-res
olved path "c:/texlive/2025/texmf-dist/tex/luatex/luaotfload/fontloader-2023-12-
28.lua".
Lua-only attribute luaotfload@noligature = 1
luaotfload | init : Context OpenType loader version 3.134
Inserting `luaotfload.node_processor' in `pre_linebreak_filter'.
Inserting `luaotfload.node_processor' in `hpack_filter'.
Inserting `luaotfload.glyph_stream' in `glyph_stream_provider'.
Inserting `luaotfload.define_font' in `define_font'.
Lua-only attribute luaotfload_color_attribute = 2
luaotfload | conf : Root cache directory is "C:/texlive/2025/texmf-var/luatex-ca
che/generic/names".
Inserting `luaotfload.harf.strip_prefix' in `find_opentype_file'.
Inserting `luaotfload.harf.strip_prefix' in `find_truetype_file'.
Removing  `luaotfload.glyph_stream' from `glyph_stream_provider'.
Inserting `luaotfload.harf.glyphstream' in `glyph_stream_provider'.
Inserting `luaotfload.harf.finalize_vlist' in `post_linebreak_filter'.
Inserting `luaotfload.harf.finalize_hlist' in `hpack_filter'.
Inserting `luaotfload.cleanup_files' in `wrapup_run'.
Inserting `luaotfload.harf.finalize_unicode' in `finish_pdffile'.
Inserting `luaotfload.glyphinfo' in `glyph_info'.
Lua-only attribute luaotfload.letterspace_done = 3
Inserting `luaotfload.aux.set_sscale_dimens' in `luaotfload.patch_font'.
Inserting `luaotfload.aux.set_font_index' in `luaotfload.patch_font'.
Inserting `luaotfload.aux.patch_cambria_domh' in `luaotfload.patch_font'.
Inserting `luaotfload.aux.fixup_fontdata' in `luaotfload.patch_font_unsafe'.
Inserting `luaotfload.aux.set_capheight' in `luaotfload.patch_font'.
Inserting `luaotfload.aux.set_xheight' in `luaotfload.patch_font'.
Inserting `luaotfload.rewrite_fontname' in `luaotfload.patch_font'.
Inserting `tracingstacklevels' in `input_level_string'.
! Undefined control sequence.
l.1 \section
            {Projektkontext}
The control sequence at the end of the top line
of your error message was never \def'ed. If you have
misspelled it (e.g., `\hobx'), type `I' and the correct
spelling (e.g., `I\hbox'). Otherwise just continue,
and I'll forget about whatever was undefined.


! LaTeX Error: Missing \begin{document}.

See the LaTeX manual or LaTeX Companion for explanation.
Type  H <return>  for immediate help.
 ...                                              
                                                  
l.1 \section{P
              rojektkontext}
You're in trouble here.  Try typing  <return>  to proceed.
If that doesn't work, type  X <return>  to quit.


Overfull \hbox (20.0pt too wide) in paragraph at lines 1--3
[]Projektkontext
 []


! LaTeX Error: Missing \begin{document}.

See the LaTeX manual or LaTeX Companion for explanation.
Type  H <return>  for immediate help.
 ...                                              
                                                  
l.4 \begin{itemize}
                   
You're in trouble here.  Try typing  <return>  to proceed.
If that doesn't work, type  X <return>  to quit.


Overfull \hbox (20.0pt too wide) in paragraph at lines 4--4
[] 
 []

luaotfload | db : Font names database loaded from C:/texlive/2025/texmf-var/luat
ex-cache/generic/names/luaotfload-names.luc.gz
Overfull \hbox (27.06pt too wide) in paragraph at lines 5--6
\TU/lmr/bx/n/10 Anna
 []


Overfull \hbox (54.01pt too wide) in paragraph at lines 5--6
\TU/lmr/bx/n/10 Babicheva:
 []


Overfull \hbox (37.18pt too wide) in paragraph at lines 6--7
\TU/lmr/bx/n/10 Hannes
 []


Overfull \hbox (20.03pt too wide) in paragraph at lines 6--7
\TU/lmr/bx/n/10 We-
 []


Overfull \hbox (19.91002pt too wide) in paragraph at lines 6--7
\TU/lmr/bx/n/10 ber:
 []


Overfull \hbox (45.23001pt too wide) in paragraph at lines 7--8
\TU/lmr/bx/n/10 Benedikt
 []


Overfull \hbox (45.94002pt too wide) in paragraph at lines 7--8
\TU/lmr/bx/n/10 Freiburg:
 []


Overfull \hbox (16.64pt too wide) in paragraph at lines 8--9
\TU/lmr/bx/n/10 Pe-
 []


Overfull \hbox (14.48001pt too wide) in paragraph at lines 8--9
\TU/lmr/bx/n/10 ter
 []


Overfull \hbox (36.45001pt too wide) in paragraph at lines 8--9
\TU/lmr/bx/n/10 Geiger:
 []


Overfull \hbox (20.0pt too wide) in paragraph at lines 11--12
[]Aufgrund
 []

)
! Emergency stop.
<*> Projektkontext.tex
                      
*** (job aborted, no legal \end found)



Here is how much of LuaTeX's memory you used:
 23 strings out of 471925
 100000,662416 words of node,token memory allocated 6777 words of node memory still in use:
   40 hlist, 2 disc, 8 local_par, 1 dir, 168 glue, 13 kern, 28 penalty, 654 glyp
h, 44 attribute, 39 glue_spec, 44 attribute_list, 1 temp nodes
   avail lists: 2:1,4:31,5:11,10:30
 26728 multiletter control sequences out of 65536+600000
 15 fonts using 723367 bytes
 19i,1n,22p,307b,124s stack positions out of 10000i,1000n,20000p,200000b,200000s
!  ==> Fatal error occurred, no output PDF file produced!
