This is LuaHBTeX, Version 1.22.0 (TeX Live 2025)  (format=lualatex 2025.5.2)  22 AUG 2025 17:28
 restricted system commands enabled.
**UI-Elemente.tex
(./UI-Elemente.tex
LaTeX2e <2024-11-01> patch level 2
L3 programming layer <2025-04-14>
Lua module: luaotfload 2024-12-03 v3.29 Lua based OpenType font support
Lua module: lualibs 2023-07-13 v2.76 ConTeXt Lua standard libraries.
Lua module: lualibs-extended 2023-07-13 v2.76 ConTeXt Lua libraries -- extended 
collection.
luaotfload | conf : Root cache directory is "C:/texlive/2025/texmf-var/luatex-ca
che/generic/names".
luaotfload | init : Loading fontloader "fontloader-2023-12-28.lua" from kpse-res
olved path "c:/texlive/2025/texmf-dist/tex/luatex/luaotfload/fontloader-2023-12-
28.lua".
Lua-only attribute luaotfload@noligature = 1
luaotfload | init : Context OpenType loader version 3.134
Inserting `luaotfload.node_processor' in `pre_linebreak_filter'.
Inserting `luaotfload.node_processor' in `hpack_filter'.
Inserting `luaotfload.glyph_stream' in `glyph_stream_provider'.
Inserting `luaotfload.define_font' in `define_font'.
Lua-only attribute luaotfload_color_attribute = 2
luaotfload | conf : Root cache directory is "C:/texlive/2025/texmf-var/luatex-ca
che/generic/names".
Inserting `luaotfload.harf.strip_prefix' in `find_opentype_file'.
Inserting `luaotfload.harf.strip_prefix' in `find_truetype_file'.
Removing  `luaotfload.glyph_stream' from `glyph_stream_provider'.
Inserting `luaotfload.harf.glyphstream' in `glyph_stream_provider'.
Inserting `luaotfload.harf.finalize_vlist' in `post_linebreak_filter'.
Inserting `luaotfload.harf.finalize_hlist' in `hpack_filter'.
Inserting `luaotfload.cleanup_files' in `wrapup_run'.
Inserting `luaotfload.harf.finalize_unicode' in `finish_pdffile'.
Inserting `luaotfload.glyphinfo' in `glyph_info'.
Lua-only attribute luaotfload.letterspace_done = 3
Inserting `luaotfload.aux.set_sscale_dimens' in `luaotfload.patch_font'.
Inserting `luaotfload.aux.set_font_index' in `luaotfload.patch_font'.
Inserting `luaotfload.aux.patch_cambria_domh' in `luaotfload.patch_font'.
Inserting `luaotfload.aux.fixup_fontdata' in `luaotfload.patch_font_unsafe'.
Inserting `luaotfload.aux.set_capheight' in `luaotfload.patch_font'.
Inserting `luaotfload.aux.set_xheight' in `luaotfload.patch_font'.
Inserting `luaotfload.rewrite_fontname' in `luaotfload.patch_font'.
Inserting `tracingstacklevels' in `input_level_string'.
! Undefined control sequence.
l.1 \section
            {UI-Elemente}
The control sequence at the end of the top line
of your error message was never \def'ed. If you have
misspelled it (e.g., `\hobx'), type `I' and the correct
spelling (e.g., `I\hbox'). Otherwise just continue,
and I'll forget about whatever was undefined.


! LaTeX Error: Missing \begin{document}.

See the LaTeX manual or LaTeX Companion for explanation.
Type  H <return>  for immediate help.
 ...                                              
                                                  
l.1 \section{U
              I-Elemente}
You're in trouble here.  Try typing  <return>  to proceed.
If that doesn't work, type  X <return>  to quit.

! Undefined control sequence.
l.2 \subsection
               {Buttons}
The control sequence at the end of the top line
of your error message was never \def'ed. If you have
misspelled it (e.g., `\hobx'), type `I' and the correct
spelling (e.g., `I\hbox'). Otherwise just continue,
and I'll forget about whatever was undefined.


Overfull \hbox (20.0pt too wide) in paragraph at lines 1--3
[]UI-
 []

luaotfload | db : Font names database loaded from C:/texlive/2025/texmf-var/luat
ex-cache/generic/names/luaotfload-names.luc.gz
Overfull \hbox (38.89001pt too wide) in paragraph at lines 4--5
\TU/lmr/bx/n/10 Primär:
 []


Overfull \hbox (50.42001pt too wide) in paragraph at lines 5--6
\TU/lmr/bx/n/10 Sekundär:
 []


Overfull \hbox (24.04pt too wide) in paragraph at lines 6--7
\TU/lmr/bx/n/10 CTA
 []


Overfull \hbox (28.58pt too wide) in paragraph at lines 6--7
\TU/lmr/bx/n/10 (Call-
 []


Overfull \hbox (14.05pt too wide) in paragraph at lines 6--7
\TU/lmr/bx/n/10 to-
 []


Overfull \hbox (40.94pt too wide) in paragraph at lines 6--7
\TU/lmr/bx/n/10 Action):
 []


Overfull \hbox (20.0pt too wide) in paragraph at lines 9--10
[]Diverse
 []

! Undefined control sequence.
l.11 \subsection
                {Input-Felder}
The control sequence at the end of the top line
of your error message was never \def'ed. If you have
misspelled it (e.g., `\hobx'), type `I' and the correct
spelling (e.g., `I\hbox'). Otherwise just continue,
and I'll forget about whatever was undefined.


Overfull \hbox (20.0pt too wide) in paragraph at lines 11--12
[]Input-
 []

! Undefined control sequence.
l.18 \subsection
                {Dropdowns \& Listen}
The control sequence at the end of the top line
of your error message was never \def'ed. If you have
misspelled it (e.g., `\hobx'), type `I' and the correct
spelling (e.g., `I\hbox'). Otherwise just continue,
and I'll forget about whatever was undefined.


Overfull \hbox (20.0pt too wide) in paragraph at lines 18--19
[]Dropdowns
 []

! Undefined control sequence.
l.24 \subsection
                {Navigation}
The control sequence at the end of the top line
of your error message was never \def'ed. If you have
misspelled it (e.g., `\hobx'), type `I' and the correct
spelling (e.g., `I\hbox'). Otherwise just continue,
and I'll forget about whatever was undefined.


Overfull \hbox (20.0pt too wide) in paragraph at lines 24--25
[]Navigation 
 []

! Undefined control sequence.
l.30 \section
             {States (Normal, Hover, Disabled, Active)}
The control sequence at the end of the top line
of your error message was never \def'ed. If you have
misspelled it (e.g., `\hobx'), type `I' and the correct
spelling (e.g., `I\hbox'). Otherwise just continue,
and I'll forget about whatever was undefined.


Overfull \hbox (20.0pt too wide) in paragraph at lines 30--31
[]States
 []


Overfull \hbox (23.32pt too wide) in paragraph at lines 32--33
\TU/lmr/bx/n/10 Nor-
 []


Overfull \hbox (21.55pt too wide) in paragraph at lines 32--33
\TU/lmr/bx/n/10 mal:
 []


Overfull \hbox (20.38pt too wide) in paragraph at lines 33--34
\TU/lmr/bx/n/10 Dis-
 []


Overfull \hbox (30.02pt too wide) in paragraph at lines 33--34
\TU/lmr/bx/n/10 abled:
 []


Overfull \hbox (17.31pt too wide) in paragraph at lines 34--35
\TU/lmr/bx/n/10 Ac-
 []


Overfull \hbox (21.87001pt too wide) in paragraph at lines 34--35
\TU/lmr/bx/n/10 tive:
 []

! Undefined control sequence.
l.37 \section
             {Beispiel-Screenshots}
The control sequence at the end of the top line
of your error message was never \def'ed. If you have
misspelled it (e.g., `\hobx'), type `I' and the correct
spelling (e.g., `I\hbox'). Otherwise just continue,
and I'll forget about whatever was undefined.


Overfull \hbox (20.0pt too wide) in paragraph at lines 37--39
[]Beispiel-
 []


Overfull \hbox (41.26001pt too wide) in paragraph at lines 40--41
\TU/lmr/bx/n/10 Medika-
 []


Overfull \hbox (40.88pt too wide) in paragraph at lines 40--41
\TU/lmr/bx/n/10 menten-
 []


Overfull \hbox (24.75pt too wide) in paragraph at lines 40--41
\TU/lmr/bx/n/10 plan:
 []


Overfull \hbox (24.56pt too wide) in paragraph at lines 41--42
\TU/lmr/bx/n/10 Mes-
 []


Overfull \hbox (21.15pt too wide) in paragraph at lines 41--42
\TU/lmr/bx/n/10 sun-
 []


Overfull \hbox (20.6pt too wide) in paragraph at lines 41--42
\TU/lmr/bx/n/10 gen:
 []


Overfull \hbox (34.37001pt too wide) in paragraph at lines 42--43
\TU/lmr/bx/n/10 Daten-
 []


Overfull \hbox (15.17001pt too wide) in paragraph at lines 42--43
\TU/lmr/bx/n/10 ex-
 []


Overfull \hbox (24.86002pt too wide) in paragraph at lines 42--43
\TU/lmr/bx/n/10 port:
 []


Overfull \hbox (32.26001pt too wide) in paragraph at lines 43--44
\TU/lmr/bx/n/10 Symp-
 []


Overfull \hbox (23.63pt too wide) in paragraph at lines 43--44
\TU/lmr/bx/n/10 tom-
 []


Overfull \hbox (24.91pt too wide) in paragraph at lines 43--44
\TU/lmr/bx/n/10 tage-
 []


Overfull \hbox (27.15pt too wide) in paragraph at lines 43--44
\TU/lmr/bx/n/10 buch:
 []

)
! Emergency stop.
<*> UI-Elemente.tex
                   
*** (job aborted, no legal \end found)



Here is how much of LuaTeX's memory you used:
 23 strings out of 471925
 100000,662416 words of node,token memory allocated 14872 words of node memory still in use:
   126 hlist, 21 disc, 24 local_par, 1 dir, 444 glue, 25 kern, 107 penalty, 1277
 glyph, 151 attribute, 39 glue_spec, 151 attribute_list nodes
   avail lists: 2:2,4:16,5:11,7:8,10:15
 26728 multiletter control sequences out of 65536+600000
 15 fonts using 723367 bytes
 18i,1n,22p,176b,124s stack positions out of 10000i,1000n,20000p,200000b,200000s
!  ==> Fatal error occurred, no output PDF file produced!
